

Microchip Technology PIC18 LITE Macro Assembler V1.34 build -361300703 
                                                                                               Sat Jul 25 22:37:02 2015

Microchip Technology Omniscient Code Generator (Lite mode) build 201502162209
     1                           	processor	18F13K22
     2                           	fnconf	rparam,??,?,0
     3                           	opt	pw 120
     4                           	opt	lm
     5                           	psect	text0,global,reloc=2,class=CODE,delta=1
     6                           	psect	cinit,global,reloc=2,class=CODE,delta=1
     7                           	psect	bssCOMRAM,global,class=COMRAM,space=1,delta=1
     8                           	psect	cstackCOMRAM,global,class=COMRAM,space=1,delta=1
     9                           	psect	text1,global,reloc=2,class=CODE,delta=1
    10                           	psect	intsave_regs,global,class=BIGRAM,space=1,delta=1
    11                           	psect	rparam,global,class=COMRAM,space=1,delta=1
    12  0000                     _ANSELHbits	set	3967
    13  0000                     _BAUDCON	set	4024
    14  0000                     _INTCON	set	4082
    15  0000                     _RCREG	set	4014
    16  0000                     _RCSTA	set	4011
    17  0000                     _RCSTAbits	set	4011
    18  0000                     _SPBRG	set	4015
    19  0000                     _SPBRGH	set	4016
    20  0000                     _SSPBUF	set	4041
    21  0000                     _SSPCON1	set	4038
    22  0000                     _SSPCON1bits	set	4038
    23  0000                     _SSPSTAT	set	4039
    24  0000                     _SSPSTATbits	set	4039
    25  0000                     _TRISBbits	set	3987
    26  0000                     _TRISCbits	set	3988
    27  0000                     _TXREG	set	4013
    28  0000                     _TXSTA	set	4012
    29  0000                     _RCIE	set	31981
    30  0000                     _RCIF	set	31989
    31  0000                     _SSPIF	set	31987
    32  0000                     _TXIE	set	31980
    33  0000                     _TXIF	set	31988
    34                           
    35                           ; 0 bytes @ 0x3
    36 ;;
    37 ;;Main: autosize = 0, tempsize = 0, incstack = 0, save=0
    38 ;;
    39 ;; *************** function _main *****************
    40 ;; Defined at:
    41 ;;		line 13 in file "main.c"
    42 ;; Parameters:    Size  Location     Type
    43 ;;		None
    44 ;; Auto vars:     Size  Location     Type
    45 ;;		None
    46 ;; Return value:  Size  Location     Type
    47 ;;                  2   13[None  ] int 
    48 ;; Registers used:
    49 ;;		wreg, fsr2l, fsr2h, status,2, status,0, cstack
    50 ;; Tracked objects:
    51 ;;		On entry : 0/0
    52 ;;		On exit  : 0/0
    53 ;;		Unchanged: 0/0
    54 ;; Data sizes:     COMRAM   BANK0
    55 ;;      Params:         0       0
    56 ;;      Locals:         0       0
    57 ;;      Temps:          0       0
    58 ;;      Totals:         0       0
    59 ;;Total ram usage:        0 bytes
    60 ;; Hardware stack levels required when called:    1
    61 ;; This function calls:
    62 ;;		_spi_peek_receive
    63 ;; This function is called by:
    64 ;;		Startup code after reset
    65 ;; This function uses a non-reentrant model
    66 ;;
    67                           
    68                           	psect	text0
    69  001FCE                     __ptext0:
    70                           	opt stack 0
    71  001FCE                     _main:
    72                           	opt stack 30
    73                           
    74                           ;main.c: 15: spi_peek_receive(0, 0);
    75                           
    76                           ;incstack = 0
    77  001FCE  0E00               	movlw	0
    78  001FD0  6E08               	movwf	spi_peek_receive@byte,c
    79  001FD2  0E00               	movlw	0
    80  001FD4  6E09               	movwf	spi_peek_receive@byte+1,c
    81  001FD6  0E00               	movlw	0
    82  001FD8  ECF0  F00F         	call	_spi_peek_receive
    83                           
    84                           ;main.c: 17: return (0);
    85                           ;	Return value of _main is never used
    86  001FDC  EF00  F000         	goto	start
    87  001FE0                     __end_of_main:
    88                           	opt stack 0
    89                           
    90                           	psect	cinit
    91  001FBC                     __pcinit:
    92                           	opt stack 0
    93  001FBC                     start_initialization:
    94                           	opt stack 0
    95  001FBC                     __initialization:
    96                           	opt stack 0
    97                           
    98                           ; Clear objects allocated to COMRAM (7 bytes)
    99  001FBC  EE00  F001         	lfsr	0,__pbssCOMRAM
   100  001FC0  0E07               	movlw	7
   101  001FC2                     clear_0:
   102  001FC2  6AEE               	clrf	postinc0,c
   103  001FC4  06E8               	decf	wreg,f,c
   104  001FC6  E1FD               	bnz	clear_0
   105  001FC8                     end_of_initialization:
   106                           	opt stack 0
   107  001FC8                     __end_of__initialization:
   108                           	opt stack 0
   109  001FC8  0100               	movlb	0
   110  001FCA  EFE7  F00F         	goto	_main	;jump to C main() function
   111                           postinc0	equ	0xFEE
   112                           wreg	equ	0xFE8
   113                           
   114                           	psect	bssCOMRAM
   115  000001                     __pbssCOMRAM:
   116                           	opt stack 0
   117  000001                     _interrupt_data:
   118                           	opt stack 0
   119  000001                     	ds	6
   120  000007                     _dummy_byte:
   121                           	opt stack 0
   122  000007                     	ds	1
   123                           postinc0	equ	0xFEE
   124                           wreg	equ	0xFE8
   125                           
   126                           	psect	cstackCOMRAM
   127  000008                     __pcstackCOMRAM:
   128                           	opt stack 0
   129  000008                     spi_peek_receive@byte:
   130                           	opt stack 0
   131                           
   132                           ; 2 bytes @ 0x0
   133  000008                     	ds	2
   134  00000A                     spi_peek_receive@get_byte:
   135                           	opt stack 0
   136                           
   137                           ; 1 bytes @ 0x2
   138  00000A                     	ds	1
   139  00000B                     postinc0	equ	0xFEE
   140                           wreg	equ	0xFE8
   141                           
   142 ;; *************** function _spi_peek_receive *****************
   143 ;; Defined at:
   144 ;;		line 42 in file "spi.c"
   145 ;; Parameters:    Size  Location     Type
   146 ;;  get_byte        1    wreg     unsigned char 
   147 ;;  byte            2    0[COMRAM] PTR unsigned char 
   148 ;;		 -> NULL(0), 
   149 ;; Auto vars:     Size  Location     Type
   150 ;;  get_byte        1    2[COMRAM] unsigned char 
   151 ;; Return value:  Size  Location     Type
   152 ;;                  1    wreg      unsigned char 
   153 ;; Registers used:
   154 ;;		wreg, fsr2l, fsr2h, status,2
   155 ;; Tracked objects:
   156 ;;		On entry : 0/0
   157 ;;		On exit  : 0/0
   158 ;;		Unchanged: 0/0
   159 ;; Data sizes:     COMRAM   BANK0
   160 ;;      Params:         2       0
   161 ;;      Locals:         1       0
   162 ;;      Temps:          0       0
   163 ;;      Totals:         3       0
   164 ;;Total ram usage:        3 bytes
   165 ;; Hardware stack levels used:    1
   166 ;; This function calls:
   167 ;;		Nothing
   168 ;; This function is called by:
   169 ;;		_main
   170 ;; This function uses a non-reentrant model
   171 ;;
   172                           
   173                           	psect	text1
   174  001FE0                     __ptext1:
   175                           	opt stack 0
   176  001FE0                     _spi_peek_receive:
   177                           	opt stack 30
   178                           
   179                           ;incstack = 0
   180                           ;spi_peek_receive@get_byte stored from wreg
   181  001FE0  6E0A               	movwf	spi_peek_receive@get_byte,c
   182                           
   183                           ;spi.c: 44: if (get_byte) {
   184  001FE2  500A               	movf	spi_peek_receive@get_byte,w,c
   185  001FE4  B4D8               	btfsc	status,2,c
   186  001FE6  0012               	return	
   187                           
   188                           ;spi.c: 45: if (SSPIF) {
   189  001FE8  A69E               	btfss	3998,3,c	;volatile
   190  001FEA  0012               	return	
   191                           
   192                           ;spi.c: 46: *byte = SSPBUF;
   193  001FEC  C008  FFD9         	movff	spi_peek_receive@byte,fsr2l
   194  001FF0  C009  FFDA         	movff	spi_peek_receive@byte+1,fsr2h
   195  001FF4  CFC9 FFDF          	movff	4041,indf2	;volatile
   196                           
   197                           ;spi.c: 47: return 1;
   198                           ;	Return value of _spi_peek_receive is never used
   199  001FF8  0012               	return	
   200                           
   201                           ;spi.c: 48: } else {
   202  001FFA  0012               	return	
   203                           
   204                           ;spi.c: 49: return 0;
   205                           ;	Return value of _spi_peek_receive is never used
   206  001FFC  0012               	return	
   207                           
   208                           ;spi.c: 50: }
   209                           ;spi.c: 51: }
   210                           ;spi.c: 53: return (SSPIF) ? 1 : 0;
   211                           ;	Return value of _spi_peek_receive is never used
   212  001FFE  0012               	return		;funcret
   213  002000                     __end_of_spi_peek_receive:
   214                           	opt stack 0
   215  0000                     postinc0	equ	0xFEE
   216                           wreg	equ	0xFE8
   217                           indf2	equ	0xFDF
   218                           fsr2h	equ	0xFDA
   219                           fsr2l	equ	0xFD9
   220                           status	equ	0xFD8
   221                           postinc0	equ	0xFEE
   222                           wreg	equ	0xFE8
   223                           indf2	equ	0xFDF
   224                           fsr2h	equ	0xFDA
   225                           fsr2l	equ	0xFD9
   226                           status	equ	0xFD8
   227                           
   228                           	psect	rparam
   229  0000                     postinc0	equ	0xFEE
   230                           wreg	equ	0xFE8
   231                           indf2	equ	0xFDF
   232                           fsr2h	equ	0xFDA
   233                           fsr2l	equ	0xFD9
   234                           status	equ	0xFD8


Data Sizes:
    Strings     0
    Constant    0
    Data        0
    BSS         7
    Persistent  0
    Stack       0

Auto Spaces:
    Space          Size  Autos    Used
    COMRAM           95      3      10
    BANK0           160      0       0

Pointer List with Targets:

    spi_peek_receive@byte	PTR unsigned char  size(2) Largest target is 0
		 -> NULL(NULL[0]), 

    S37interrupt_serial$data	PTR unsigned char  size(2) Largest target is 0

    interrupt_data.data	PTR unsigned char  size(2) Largest target is 0


Critical Paths under _main in COMRAM

    _main->_spi_peek_receive

Critical Paths under _main in BANK0

    None.

Call Graph Tables:

 ---------------------------------------------------------------------------------
 (Depth) Function   	        Calls       Base Space   Used Autos Params    Refs
 ---------------------------------------------------------------------------------
 (0) _main                                                 0     0      0      97
                   _spi_peek_receive
 ---------------------------------------------------------------------------------
 (1) _spi_peek_receive                                     3     1      2      97
                                              0 COMRAM     3     1      2
 ---------------------------------------------------------------------------------
 Estimated maximum stack depth 1
 ---------------------------------------------------------------------------------

 Call Graph Graphs:

 _main (ROOT)
   _spi_peek_receive

 Address spaces:
Name               Size   Autos  Total    Cost      Usage
EEDATA             100      0       0       0        0.0%
BIGRAM              FF      0       0       6        0.0%
BITBANK0            A0      0       0       3        0.0%
BANK0               A0      0       0       4        0.0%
BITCOMRAM           5F      0       0       0        0.0%
COMRAM              5F      3       A       1       10.5%
BITSFR               0      0       0      40        0.0%
SFR                  0      0       0      40        0.0%
STACK                0      0       0       2        0.0%
NULL                 0      0       0       0        0.0%
ABS                  0      0       A       5        0.0%
DATA                 0      0       A       7        0.0%
CODE                 0      0       0       0        0.0%


Microchip Technology PIC18 Macro Assembler V1.34 build -361300703 
Symbol Table                                                                                   Sat Jul 25 22:37:02 2015

              _SSPSTATbits 000FC7                        wreg 000FE8                       _RCIE 007CED  
                     _RCIF 007CF5                       _TXIE 007CEC                       _TXIF 007CF4  
                     _main 1FCE                       fsr2h 000FDA                       indf2 000FDF  
                     fsr2l 000FD9                       start 0000               ___param_bank 000010  
                    ?_main 0008                      _RCREG 000FAE                      _RCSTA 000FAB  
                    _SPBRG 000FAF                      _SSPIF 007CF3                      _TXREG 000FAD  
                    _TXSTA 000FAC                      status 000FD8            __initialization 1FBC  
             __end_of_main 1FE0                     ??_main 000B              __activetblptr 000000  
                   _INTCON 000FF2                     _SPBRGH 000FB0                     _SSPBUF 000FC9  
                   clear_0 1FC2  __size_of_spi_peek_receive 0020                 __accesstop 0060  
  __end_of__initialization 1FC8              ___rparam_used 000001             __pcstackCOMRAM 0008  
                  _BAUDCON 000FB8                    _SSPCON1 000FC6                    _SSPSTAT 000FC7  
                  __Hparam 0000                    __Lparam 0000                 _dummy_byte 0007  
                  __pcinit 1FBC                    __ramtop 0100                    __ptext0 1FCE  
                  __ptext1 1FE0           _spi_peek_receive 1FE0       end_of_initialization 1FC8  
                _RCSTAbits 000FAB                    postinc0 000FEE                  _TRISBbits 000F93  
                _TRISCbits 000F94       spi_peek_receive@byte 0008        start_initialization 1FBC  
              __pbssCOMRAM 0001   __end_of_spi_peek_receive 2000   spi_peek_receive@get_byte 000A  
                 __Hrparam 0000                   __Lrparam 0000                 _ANSELHbits 000F7F  
            __size_of_main 0012          ?_spi_peek_receive 0008         ??_spi_peek_receive 000A  
           _interrupt_data 0001                _SSPCON1bits 000FC6  
